Determining if the pthread_create exist failed with the following output:
Change Dir: /home/cs18/Desktop/作业8/assignment8/build/CMakeFiles/CMakeTmp

Run Build Command:"/usr/bin/make" "cmTC_5e239/fast"
/usr/bin/make -f CMakeFiles/cmTC_5e239.dir/build.make CMakeFiles/cmTC_5e239.dir/build
make[1]: Entering directory '/home/cs18/Desktop/作业8/assignment8/build/CMakeFiles/CMakeTmp'
Building C object CMakeFiles/cmTC_5e239.dir/CheckSymbolExists.c.o
/usr/bin/cc    -o CMakeFiles/cmTC_5e239.dir/CheckSymbolExists.c.o   -c /home/cs18/Desktop/作业8/assignment8/build/CMakeFiles/CMakeTmp/CheckSymbolExists.c
Linking C executable cmTC_5e239
/usr/bin/cmake -E cmake_link_script CMakeFiles/cmTC_5e239.dir/link.txt --verbose=1
/usr/bin/cc      -rdynamic CMakeFiles/cmTC_5e239.dir/CheckSymbolExists.c.o  -o cmTC_5e239 
CMakeFiles/cmTC_5e239.dir/CheckSymbolExists.c.o: In function `main':
CheckSymbolExists.c:(.text+0x1b): undefined reference to `pthread_create'
collect2: error: ld returned 1 exit status
CMakeFiles/cmTC_5e239.dir/build.make:97: recipe for target 'cmTC_5e239' failed
make[1]: *** [cmTC_5e239] Error 1
make[1]: Leaving directory '/home/cs18/Desktop/作业8/assignment8/build/CMakeFiles/CMakeTmp'
Makefile:126: recipe for target 'cmTC_5e239/fast' failed
make: *** [cmTC_5e239/fast] Error 2

File /home/cs18/Desktop/作业8/assignment8/build/CMakeFiles/CMakeTmp/CheckSymbolExists.c:
/* */
#include <pthread.h>

int main(int argc, char** argv)
{
  (void)argv;
#ifndef pthread_create
  return ((int*)(&pthread_create))[argc];
#else
  (void)argc;
  return 0;
#endif
}

Determining if the function pthread_create exists in the pthreads failed with the following output:
Change Dir: /home/cs18/Desktop/作业8/assignment8/build/CMakeFiles/CMakeTmp

Run Build Command:"/usr/bin/make" "cmTC_c6b0a/fast"
/usr/bin/make -f CMakeFiles/cmTC_c6b0a.dir/build.make CMakeFiles/cmTC_c6b0a.dir/build
make[1]: Entering directory '/home/cs18/Desktop/作业8/assignment8/build/CMakeFiles/CMakeTmp'
Building C object CMakeFiles/cmTC_c6b0a.dir/CheckFunctionExists.c.o
/usr/bin/cc   -DCHECK_FUNCTION_EXISTS=pthread_create   -o CMakeFiles/cmTC_c6b0a.dir/CheckFunctionExists.c.o   -c /usr/share/cmake-3.10/Modules/CheckFunctionExists.c
Linking C executable cmTC_c6b0a
/usr/bin/cmake -E cmake_link_script CMakeFiles/cmTC_c6b0a.dir/link.txt --verbose=1
/usr/bin/cc  -DCHECK_FUNCTION_EXISTS=pthread_create    -rdynamic CMakeFiles/cmTC_c6b0a.dir/CheckFunctionExists.c.o  -o cmTC_c6b0a -lpthreads 
/usr/bin/ld: cannot find -lpthreads
collect2: error: ld returned 1 exit status
CMakeFiles/cmTC_c6b0a.dir/build.make:97: recipe for target 'cmTC_c6b0a' failed
make[1]: *** [cmTC_c6b0a] Error 1
make[1]: Leaving directory '/home/cs18/Desktop/作业8/assignment8/build/CMakeFiles/CMakeTmp'
Makefile:126: recipe for target 'cmTC_c6b0a/fast' failed
make: *** [cmTC_c6b0a/fast] Error 2


Determining if the function glXGetProcAddressEXT exists failed with the following output:
Change Dir: /home/cs18/Desktop/作业8/assignment8/build/CMakeFiles/CMakeTmp

Run Build Command:"/usr/bin/make" "cmTC_905f2/fast"
/usr/bin/make -f CMakeFiles/cmTC_905f2.dir/build.make CMakeFiles/cmTC_905f2.dir/build
make[1]: Entering directory '/home/cs18/Desktop/作业8/assignment8/build/CMakeFiles/CMakeTmp'
Building C object CMakeFiles/cmTC_905f2.dir/CheckFunctionExists.c.o
/usr/bin/cc   -DCHECK_FUNCTION_EXISTS=glXGetProcAddressEXT   -o CMakeFiles/cmTC_905f2.dir/CheckFunctionExists.c.o   -c /usr/share/cmake-3.10/Modules/CheckFunctionExists.c
Linking C executable cmTC_905f2
/usr/bin/cmake -E cmake_link_script CMakeFiles/cmTC_905f2.dir/link.txt --verbose=1
/usr/bin/cc  -DCHECK_FUNCTION_EXISTS=glXGetProcAddressEXT    -rdynamic CMakeFiles/cmTC_905f2.dir/CheckFunctionExists.c.o  -o cmTC_905f2 /usr/lib/x86_64-linux-gnu/libGL.so 
CMakeFiles/cmTC_905f2.dir/CheckFunctionExists.c.o: In function `main':
CheckFunctionExists.c:(.text+0x10): undefined reference to `glXGetProcAddressEXT'
collect2: error: ld returned 1 exit status
CMakeFiles/cmTC_905f2.dir/build.make:98: recipe for target 'cmTC_905f2' failed
make[1]: *** [cmTC_905f2] Error 1
make[1]: Leaving directory '/home/cs18/Desktop/作业8/assignment8/build/CMakeFiles/CMakeTmp'
Makefile:126: recipe for target 'cmTC_905f2/fast' failed
make: *** [cmTC_905f2/fast] Error 2


